<?xml version="1.0" encoding="UTF-8"?>
<!-- Generated by org.testng.reporters.JUnitReportReporter -->
<testsuite hostname="JimnaJohny" failures="0" tests="2" name="testScript.ManageLocationTest" time="34.309" errors="0" timestamp="2026-07-09T19:46:56 EDT" skipped="1">
  <testcase classname="testScript.ManageLocationTest" name="manageLocation" time="19.632"/>
  <testcase classname="testScript.ManageLocationTest" name="manageLocation" time="14.677">
    <skipped/>
  </testcase> <!-- manageLocation -->
</testsuite> <!-- testScript.ManageLocationTest -->
