<?xml version="1.0" encoding="UTF-8"?>
<!-- Generated by org.testng.reporters.JUnitReportReporter -->
<testsuite hostname="JimnaJohny" failures="0" tests="2" name="testScript.ManageNewsTest" time="24.123" errors="0" timestamp="2026-07-13T02:22:19 EDT" skipped="1">
  <testcase classname="testScript.ManageNewsTest" name="enterNews" time="10.296">
    <skipped/>
  </testcase> <!-- enterNews -->
  <testcase classname="testScript.ManageNewsTest" name="enterNews" time="13.827"/>
</testsuite> <!-- testScript.ManageNewsTest -->
