<?xml version="1.0" encoding="UTF-8"?>
<!-- Generated by org.testng.reporters.JUnitXMLReporter -->
<testsuite ignored="0" hostname="JimnaJohny" failures="1" tests="8" name="FireFoxTest" time="217.785" errors="0" timestamp="2026-07-09T11:43:57 EDT">
  <testcase classname="testScript.ManageCategoryTest" name="saveNewCredentials" time="29.552"/>
  <testcase classname="testScript.ManageNewsTest" name="enterNews" time="5.654"/>
  <testcase classname="testScript.LogoutTest" name="verifyUserCanLogOutSuccessfullyFromDashBoard" time="3.003"/>
  <testcase classname="testScript.LoginTest" name="verfyUserIsAbleToLoginWithInvalidCredentials" time="2.151">
    <failure type="org.openqa.selenium.NoSuchElementException" message="Unable to locate element: //div[@class=&amp;apos;alert alert-danger alert-dismissible&amp;apos;]
For documentation on this error, please visit: https://www.selenium.dev/documentation/webdriver/troubleshooting/errors#no-such-element-exception
Build info: version: &amp;apos;4.27.0&amp;apos;, revision: &amp;apos;d6e718d134&amp;apos;
System info: os.name: &amp;apos;Windows 11&amp;apos;, os.arch: &amp;apos;amd64&amp;apos;, os.version: &amp;apos;10.0&amp;apos;, java.version: &amp;apos;21.0.10&amp;apos;
Driver info: org.openqa.selenium.firefox.FirefoxDriver
Command: [1e351de0-414a-4488-9f10-f2e683020208, findElement {value=//div[@class=&amp;apos;alert alert-danger alert-dismissible&amp;apos;], using=xpath}]
Capabilities {acceptInsecureCerts: true, browserName: firefox, browserVersion: 152.0.5, moz:accessibilityChecks: false, moz:buildID: 20260706120035, moz:geckodriverVersion: 0.37.0, moz:headless: false, moz:platformVersion: 10.0, moz:processID: 59924, moz:profile: C:\Users\jimna\AppData\Loca..., moz:shutdownTimeout: 60000, moz:webdriverClick: true, moz:windowless: false, pageLoadStrategy: normal, platformName: windows, proxy: Proxy(), setWindowRect: true, strictFileInteractability: false, timeouts: {implicit: 0, pageLoad: 300000, script: 30000}, unhandledPromptBehavior: dismiss and notify, userAgent: Mozilla/5.0 (Windows NT 10....}
Session ID: 1e351de0-414a-4488-9f10-f2e683020208">
      <![CDATA[org.openqa.selenium.NoSuchElementException: Unable to locate element: //div[@class='alert alert-danger alert-dismissible']
For documentation on this error, please visit: https://www.selenium.dev/documentation/webdriver/troubleshooting/errors#no-such-element-exception
Build info: version: '4.27.0', revision: 'd6e718d134'
System info: os.name: 'Windows 11', os.arch: 'amd64', os.version: '10.0', java.version: '21.0.10'
Driver info: org.openqa.selenium.firefox.FirefoxDriver
Command: [1e351de0-414a-4488-9f10-f2e683020208, findElement {value=//div[@class='alert alert-danger alert-dismissible'], using=xpath}]
Capabilities {acceptInsecureCerts: true, browserName: firefox, browserVersion: 152.0.5, moz:accessibilityChecks: false, moz:buildID: 20260706120035, moz:geckodriverVersion: 0.37.0, moz:headless: false, moz:platformVersion: 10.0, moz:processID: 59924, moz:profile: C:\Users\jimna\AppData\Loca..., moz:shutdownTimeout: 60000, moz:webdriverClick: true, moz:windowless: false, pageLoadStrategy: normal, platformName: windows, proxy: Proxy(), setWindowRect: true, strictFileInteractability: false, timeouts: {implicit: 0, pageLoad: 300000, script: 30000}, unhandledPromptBehavior: dismiss and notify, userAgent: Mozilla/5.0 (Windows NT 10....}
Session ID: 1e351de0-414a-4488-9f10-f2e683020208
at org.openqa.selenium.remote.ErrorCodec.decode(ErrorCodec.java:167)
at org.openqa.selenium.remote.codec.w3c.W3CHttpResponseCodec.decode(W3CHttpResponseCodec.java:138)
at org.openqa.selenium.remote.codec.w3c.W3CHttpResponseCodec.decode(W3CHttpResponseCodec.java:50)
at org.openqa.selenium.remote.HttpCommandExecutor.execute(HttpCommandExecutor.java:190)
at org.openqa.selenium.remote.service.DriverCommandExecutor.invokeExecute(DriverCommandExecutor.java:216)
at org.openqa.selenium.remote.service.DriverCommandExecutor.execute(DriverCommandExecutor.java:174)
at org.openqa.selenium.remote.RemoteWebDriver.execute(RemoteWebDriver.java:545)
at org.openqa.selenium.remote.ElementLocation$ElementFinder$2.findElement(ElementLocation.java:165)
at org.openqa.selenium.remote.ElementLocation.findElement(ElementLocation.java:59)
at org.openqa.selenium.remote.RemoteWebDriver.findElement(RemoteWebDriver.java:368)
at org.openqa.selenium.remote.RemoteWebDriver.findElement(RemoteWebDriver.java:362)
at org.openqa.selenium.support.pagefactory.DefaultElementLocator.findElement(DefaultElementLocator.java:68)
at org.openqa.selenium.support.pagefactory.internal.LocatingElementHandler.invoke(LocatingElementHandler.java:38)
at jdk.proxy2/jdk.proxy2.$Proxy14.isDisplayed(Unknown Source)
at pages.LoginPage.isAlertDisplayed(LoginPage.java:36)
at testScript.LoginTest.verfyUserIsAbleToLoginWithInvalidCredentials(LoginTest.java:63)
at java.base/java.util.ArrayList.forEach(ArrayList.java:1596)
at java.base/java.util.concurrent.FutureTask.run(FutureTask.java:317)
at java.base/java.util.concurrent.ThreadPoolExecutor.runWorker(ThreadPoolExecutor.java:1144)
at java.base/java.util.concurrent.ThreadPoolExecutor$Worker.run(ThreadPoolExecutor.java:642)
at java.base/java.lang.Thread.run(Thread.java:1583)
... Removed 18 stack frames]]>
    </failure>
  </testcase> <!-- verfyUserIsAbleToLoginWithInvalidCredentials -->
  <testcase classname="testScript.LoginTest" name="verfyUserIsAbleToLoginWithInvalidPassword" time="0.752"/>
  <testcase classname="testScript.LoginTest" name="verfyUserIsAbleToLoginWithInvalidUsername" time="0.806"/>
  <testcase classname="testScript.LoginTest" name="verfyUserIsAbleToLoginWithValidCredentials" time="2.217"/>
  <testcase classname="testScript.AdminUsersTest" name="saveNewCredentials" time="3.894"/>
</testsuite> <!-- FireFoxTest -->
